<?xml version="1.0" encoding="UTF-8"?>
<coverage generated="1709138864">
  <project timestamp="1709138864">
    <file name="/opt/www/api/ApiController.php">
      <class name="Api\ApiController" namespace="global">
        <metrics complexity="18" methods="4" coveredmethods="0" conditionals="0" coveredconditionals="0" statements="42" coveredstatements="0" elements="46" coveredelements="0"/>
      </class>
      <line num="59" type="method" name="__init" visibility="protected" complexity="2" crap="6" count="0"/>
      <line num="61" type="stmt" count="0"/>
      <line num="62" type="stmt" count="0"/>
      <line num="65" type="stmt" count="0"/>
      <line num="74" type="method" name="getAccessToken" visibility="public" complexity="1" crap="2" count="0"/>
      <line num="77" type="stmt" count="0"/>
      <line num="78" type="stmt" count="0"/>
      <line num="86" type="method" name="v1" visibility="public" complexity="9" crap="90" count="0"/>
      <line num="90" type="stmt" count="0"/>
      <line num="93" type="stmt" count="0"/>
      <line num="95" type="stmt" count="0"/>
      <line num="96" type="stmt" count="0"/>
      <line num="97" type="stmt" count="0"/>
      <line num="98" type="stmt" count="0"/>
      <line num="99" type="stmt" count="0"/>
      <line num="100" type="stmt" count="0"/>
      <line num="102" type="stmt" count="0"/>
      <line num="103" type="stmt" count="0"/>
      <line num="104" type="stmt" count="0"/>
      <line num="105" type="stmt" count="0"/>
      <line num="106" type="stmt" count="0"/>
      <line num="108" type="stmt" count="0"/>
      <line num="112" type="stmt" count="0"/>
      <line num="113" type="stmt" count="0"/>
      <line num="114" type="stmt" count="0"/>
      <line num="116" type="stmt" count="0"/>
      <line num="117" type="stmt" count="0"/>
      <line num="118" type="stmt" count="0"/>
      <line num="119" type="stmt" count="0"/>
      <line num="121" type="stmt" count="0"/>
      <line num="123" type="stmt" count="0"/>
      <line num="124" type="stmt" count="0"/>
      <line num="126" type="stmt" count="0"/>
      <line num="127" type="stmt" count="0"/>
      <line num="130" type="stmt" count="0"/>
      <line num="134" type="method" name="handleSceneAnnotation" visibility="protected" complexity="6" crap="42" count="0"/>
      <line num="137" type="stmt" count="0"/>
      <line num="138" type="stmt" count="0"/>
      <line num="139" type="stmt" count="0"/>
      <line num="142" type="stmt" count="0"/>
      <line num="143" type="stmt" count="0"/>
      <line num="144" type="stmt" count="0"/>
      <line num="148" type="stmt" count="0"/>
      <line num="149" type="stmt" count="0"/>
      <line num="150" type="stmt" count="0"/>
      <line num="151" type="stmt" count="0"/>
      <metrics loc="156" ncloc="114" classes="1" methods="4" coveredmethods="0" conditionals="0" coveredconditionals="0" statements="42" coveredstatements="0" elements="46" coveredelements="0"/>
    </file>
    <file name="/opt/www/api/ApiDocController.php">
      <class name="Api\ApiDocController" namespace="global">
        <metrics complexity="7" methods="3" coveredmethods="0" conditionals="0" coveredconditionals="0" statements="15" coveredstatements="0" elements="18" coveredelements="0"/>
      </class>
      <line num="54" type="method" name="login" visibility="public" complexity="4" crap="20" count="0"/>
      <line num="57" type="stmt" count="0"/>
      <line num="58" type="stmt" count="0"/>
      <line num="60" type="stmt" count="0"/>
      <line num="61" type="stmt" count="0"/>
      <line num="64" type="stmt" count="0"/>
      <line num="65" type="stmt" count="0"/>
      <line num="68" type="stmt" count="0"/>
      <line num="76" type="method" name="getAppAndInterfaceList" visibility="public" complexity="1" crap="2" count="0"/>
      <line num="79" type="stmt" count="0"/>
      <line num="81" type="stmt" count="0"/>
      <line num="84" type="stmt" count="0"/>
      <line num="85" type="stmt" count="0"/>
      <line num="87" type="stmt" count="0"/>
      <line num="94" type="method" name="getColumnList" visibility="public" complexity="2" crap="6" count="0"/>
      <line num="98" type="stmt" count="0"/>
      <line num="99" type="stmt" count="0"/>
      <line num="102" type="stmt" count="0"/>
      <metrics loc="105" ncloc="69" classes="1" methods="3" coveredmethods="0" conditionals="0" coveredconditionals="0" statements="15" coveredstatements="0" elements="18" coveredelements="0"/>
    </file>
    <file name="/opt/www/api/InterfaceApi/v1/DemoApi.php">
      <class name="Api\InterfaceApi\v1\DemoApi" namespace="global">
        <metrics complexity="4" methods="4" coveredmethods="0" conditionals="0" coveredconditionals="0" statements="12" coveredstatements="0" elements="16" coveredelements="0"/>
      </class>
      <line num="43" type="method" name="__construct" visibility="public" complexity="1" crap="2" count="0"/>
      <line num="45" type="stmt" count="0"/>
      <line num="46" type="stmt" count="0"/>
      <line num="47" type="stmt" count="0"/>
      <line num="56" type="method" name="getUserList" visibility="public" complexity="1" crap="2" count="0"/>
      <line num="63" type="stmt" count="0"/>
      <line num="72" type="method" name="getDeptList" visibility="public" complexity="1" crap="2" count="0"/>
      <line num="79" type="stmt" count="0"/>
      <line num="88" type="method" name="getUserInfo" visibility="public" complexity="1" crap="2" count="0"/>
      <line num="96" type="stmt" count="0"/>
      <line num="97" type="stmt" count="0"/>
      <line num="98" type="stmt" count="0"/>
      <line num="99" type="stmt" count="0"/>
      <line num="105" type="stmt" count="0"/>
      <line num="106" type="stmt" count="0"/>
      <line num="107" type="stmt" count="0"/>
      <metrics loc="110" ncloc="65" classes="1" methods="4" coveredmethods="0" conditionals="0" coveredconditionals="0" statements="12" coveredstatements="0" elements="16" coveredelements="0"/>
    </file>
    <file name="/opt/www/api/Listener/ApiLogListener.php">
      <class name="Api\Listener\ApiLogListener" namespace="global">
        <metrics complexity="4" methods="2" coveredmethods="0" conditionals="0" coveredconditionals="0" statements="32" coveredstatements="0" elements="34" coveredelements="0"/>
      </class>
      <line num="35" type="method" name="listen" visibility="public" complexity="1" crap="2" count="0"/>
      <line num="37" type="stmt" count="0"/>
      <line num="38" type="stmt" count="0"/>
      <line num="39" type="stmt" count="0"/>
      <line num="47" type="method" name="process" visibility="public" complexity="3" crap="12" count="0"/>
      <line num="50" type="stmt" count="0"/>
      <line num="51" type="stmt" count="0"/>
      <line num="52" type="stmt" count="0"/>
      <line num="54" type="stmt" count="0"/>
      <line num="56" type="stmt" count="0"/>
      <line num="59" type="stmt" count="0"/>
      <line num="60" type="stmt" count="0"/>
      <line num="61" type="stmt" count="0"/>
      <line num="64" type="stmt" count="0"/>
      <line num="65" type="stmt" count="0"/>
      <line num="69" type="stmt" count="0"/>
      <line num="70" type="stmt" count="0"/>
      <line num="74" type="stmt" count="0"/>
      <line num="76" type="stmt" count="0"/>
      <line num="77" type="stmt" count="0"/>
      <line num="78" type="stmt" count="0"/>
      <line num="79" type="stmt" count="0"/>
      <line num="81" type="stmt" count="0"/>
      <line num="82" type="stmt" count="0"/>
      <line num="83" type="stmt" count="0"/>
      <line num="84" type="stmt" count="0"/>
      <line num="85" type="stmt" count="0"/>
      <line num="86" type="stmt" count="0"/>
      <line num="87" type="stmt" count="0"/>
      <line num="89" type="stmt" count="0"/>
      <line num="90" type="stmt" count="0"/>
      <line num="91" type="stmt" count="0"/>
      <line num="92" type="stmt" count="0"/>
      <line num="93" type="stmt" count="0"/>
      <metrics loc="97" ncloc="68" classes="1" methods="2" coveredmethods="0" conditionals="0" coveredconditionals="0" statements="32" coveredstatements="0" elements="34" coveredelements="0"/>
    </file>
    <file name="/opt/www/api/Middleware/VerifyInterfaceMiddleware.php">
      <class name="Api\Middleware\VerifyInterfaceMiddleware" namespace="global">
        <metrics complexity="22" methods="6" coveredmethods="0" conditionals="0" coveredconditionals="0" statements="63" coveredstatements="0" elements="69" coveredelements="0"/>
      </class>
      <line num="59" type="method" name="process" visibility="public" complexity="1" crap="2" count="0"/>
      <line num="61" type="stmt" count="0"/>
      <line num="70" type="method" name="auth" visibility="protected" complexity="8" crap="72" count="0"/>
      <line num="74" type="stmt" count="0"/>
      <line num="75" type="stmt" count="0"/>
      <line num="76" type="stmt" count="0"/>
      <line num="77" type="stmt" count="0"/>
      <line num="78" type="stmt" count="0"/>
      <line num="79" type="stmt" count="0"/>
      <line num="80" type="stmt" count="0"/>
      <line num="82" type="stmt" count="0"/>
      <line num="83" type="stmt" count="0"/>
      <line num="85" type="stmt" count="0"/>
      <line num="86" type="stmt" count="0"/>
      <line num="87" type="stmt" count="0"/>
      <line num="88" type="stmt" count="0"/>
      <line num="90" type="stmt" count="0"/>
      <line num="92" type="stmt" count="0"/>
      <line num="94" type="stmt" count="0"/>
      <line num="95" type="stmt" count="0"/>
      <line num="105" type="method" name="apiModelCheck" visibility="protected" complexity="9" crap="90" count="0"/>
      <line num="108" type="stmt" count="0"/>
      <line num="109" type="stmt" count="0"/>
      <line num="111" type="stmt" count="0"/>
      <line num="112" type="stmt" count="0"/>
      <line num="115" type="stmt" count="0"/>
      <line num="116" type="stmt" count="0"/>
      <line num="120" type="stmt" count="0"/>
      <line num="121" type="stmt" count="0"/>
      <line num="122" type="stmt" count="0"/>
      <line num="123" type="stmt" count="0"/>
      <line num="124" type="stmt" count="0"/>
      <line num="127" type="stmt" count="0"/>
      <line num="130" type="stmt" count="0"/>
      <line num="131" type="stmt" count="0"/>
      <line num="132" type="stmt" count="0"/>
      <line num="133" type="stmt" count="0"/>
      <line num="136" type="stmt" count="0"/>
      <line num="137" type="stmt" count="0"/>
      <line num="138" type="stmt" count="0"/>
      <line num="139" type="stmt" count="0"/>
      <line num="140" type="stmt" count="0"/>
      <line num="143" type="stmt" count="0"/>
      <line num="144" type="stmt" count="0"/>
      <line num="148" type="stmt" count="0"/>
      <line num="149" type="stmt" count="0"/>
      <line num="153" type="stmt" count="0"/>
      <line num="154" type="stmt" count="0"/>
      <line num="155" type="stmt" count="0"/>
      <line num="156" type="stmt" count="0"/>
      <line num="157" type="stmt" count="0"/>
      <line num="160" type="stmt" count="0"/>
      <line num="163" type="stmt" count="0"/>
      <line num="164" type="stmt" count="0"/>
      <line num="165" type="stmt" count="0"/>
      <line num="166" type="stmt" count="0"/>
      <line num="175" type="method" name="run" visibility="protected" complexity="2" crap="6" count="0"/>
      <line num="177" type="stmt" count="0"/>
      <line num="179" type="stmt" count="0"/>
      <line num="181" type="stmt" count="0"/>
      <line num="182" type="stmt" count="0"/>
      <line num="185" type="stmt" count="0"/>
      <line num="187" type="stmt" count="0"/>
      <line num="188" type="stmt" count="0"/>
      <line num="190" type="stmt" count="0"/>
      <line num="196" type="method" name="_setApiData" visibility="private" complexity="1" crap="2" count="0"/>
      <line num="198" type="stmt" count="0"/>
      <line num="204" type="method" name="_getApiData" visibility="private" complexity="1" crap="2" count="0"/>
      <line num="206" type="stmt" count="0"/>
      <metrics loc="209" ncloc="150" classes="1" methods="6" coveredmethods="0" conditionals="0" coveredconditionals="0" statements="63" coveredstatements="0" elements="69" coveredelements="0"/>
    </file>
    <file name="/opt/www/api/Middleware/VerifyParamsMiddleware.php">
      <class name="Api\Middleware\VerifyParamsMiddleware" namespace="global">
        <metrics complexity="4" methods="2" coveredmethods="0" conditionals="0" coveredconditionals="0" statements="13" coveredstatements="0" elements="15" coveredelements="0"/>
      </class>
      <line num="42" type="method" name="process" visibility="public" complexity="1" crap="2" count="0"/>
      <line num="44" type="stmt" count="0"/>
      <line num="45" type="stmt" count="0"/>
      <line num="47" type="stmt" count="0"/>
      <line num="48" type="stmt" count="0"/>
      <line num="52" type="stmt" count="0"/>
      <line num="55" type="method" name="getRequestData" visibility="protected" complexity="3" crap="12" count="0"/>
      <line num="57" type="stmt" count="0"/>
      <line num="58" type="stmt" count="0"/>
      <line num="60" type="stmt" count="0"/>
      <line num="61" type="stmt" count="0"/>
      <line num="62" type="stmt" count="0"/>
      <line num="63" type="stmt" count="0"/>
      <line num="65" type="stmt" count="0"/>
      <line num="68" type="stmt" count="0"/>
      <metrics loc="71" ncloc="47" classes="1" methods="2" coveredmethods="0" conditionals="0" coveredconditionals="0" statements="13" coveredstatements="0" elements="15" coveredelements="0"/>
    </file>
    <file name="/opt/www/api/Request/v1/DemoApiRequest.php">
      <class name="Api\Request\v1\DemoApiRequest" namespace="global">
        <metrics complexity="3" methods="3" coveredmethods="0" conditionals="0" coveredconditionals="0" statements="8" coveredstatements="0" elements="11" coveredelements="0"/>
      </class>
      <line num="19" type="method" name="authorize" visibility="public" complexity="1" crap="2" count="0"/>
      <line num="21" type="stmt" count="0"/>
      <line num="29" type="method" name="getUserInfoRules" visibility="public" complexity="1" crap="2" count="0"/>
      <line num="31" type="stmt" count="0"/>
      <line num="32" type="stmt" count="0"/>
      <line num="33" type="stmt" count="0"/>
      <line num="39" type="method" name="messages" visibility="public" complexity="1" crap="2" count="0"/>
      <line num="41" type="stmt" count="0"/>
      <line num="42" type="stmt" count="0"/>
      <line num="43" type="stmt" count="0"/>
      <line num="44" type="stmt" count="0"/>
      <metrics loc="47" ncloc="31" classes="1" methods="3" coveredmethods="0" conditionals="0" coveredconditionals="0" statements="8" coveredstatements="0" elements="11" coveredelements="0"/>
    </file>
    <file name="/opt/www/api/Request/v1/UserInfoRequest.php">
      <class name="Api\Request\v1\UserInfoRequest" namespace="global">
        <metrics complexity="2" methods="2" coveredmethods="0" conditionals="0" coveredconditionals="0" statements="4" coveredstatements="0" elements="6" coveredelements="0"/>
      </class>
      <line num="19" type="method" name="authorize" visibility="public" complexity="1" crap="2" count="0"/>
      <line num="21" type="stmt" count="0"/>
      <line num="27" type="method" name="rules" visibility="public" complexity="1" crap="2" count="0"/>
      <line num="29" type="stmt" count="0"/>
      <line num="30" type="stmt" count="0"/>
      <line num="31" type="stmt" count="0"/>
      <metrics loc="45" ncloc="24" classes="1" methods="2" coveredmethods="0" conditionals="0" coveredconditionals="0" statements="4" coveredstatements="0" elements="6" coveredelements="0"/>
    </file>
    <file name="/opt/www/app/Setting/Controller/CommonController.php">
      <class name="App\Setting\Controller\CommonController" namespace="global">
        <metrics complexity="1" methods="1" coveredmethods="0" conditionals="0" coveredconditionals="0" statements="1" coveredstatements="0" elements="2" coveredelements="0"/>
      </class>
      <line num="35" type="method" name="getModuleList" visibility="public" complexity="1" crap="2" count="0"/>
      <line num="38" type="stmt" count="0"/>
      <metrics loc="41" ncloc="24" classes="1" methods="1" coveredmethods="0" conditionals="0" coveredconditionals="0" statements="1" coveredstatements="0" elements="2" coveredelements="0"/>
    </file>
    <file name="/opt/www/app/Setting/Controller/Modules/ModuleController.php">
      <class name="App\Setting\Controller\Modules\ModuleController" namespace="global">
        <metrics complexity="8" methods="5" coveredmethods="0" conditionals="0" coveredconditionals="0" statements="6" coveredstatements="0" elements="11" coveredelements="0"/>
      </class>
      <line num="46" type="method" name="index" visibility="public" complexity="1" crap="2" count="0"/>
      <line num="49" type="stmt" count="0"/>
      <line num="57" type="method" name="save" visibility="public" complexity="1" crap="2" count="0"/>
      <line num="60" type="stmt" count="0"/>
      <line num="61" type="stmt" count="0"/>
      <line num="69" type="method" name="modifyStatus" visibility="public" complexity="2" crap="6" count="0"/>
      <line num="72" type="stmt" count="0"/>
      <line num="80" type="method" name="install" visibility="public" complexity="2" crap="6" count="0"/>
      <line num="83" type="stmt" count="0"/>
      <line num="92" type="method" name="delete" visibility="public" complexity="2" crap="6" count="0"/>
      <line num="95" type="stmt" count="0"/>
      <metrics loc="98" ncloc="60" classes="1" methods="5" coveredmethods="0" conditionals="0" coveredconditionals="0" statements="6" coveredstatements="0" elements="11" coveredelements="0"/>
    </file>
    <file name="/opt/www/app/Setting/Controller/Settings/SystemConfigController.php">
      <class name="App\Setting\Controller\Settings\SystemConfigController" namespace="global">
        <metrics complexity="12" methods="7" coveredmethods="0" conditionals="0" coveredconditionals="0" statements="7" coveredstatements="0" elements="14" coveredelements="0"/>
      </class>
      <line num="46" type="method" name="index" visibility="public" complexity="1" crap="2" count="0"/>
      <line num="49" type="stmt" count="0"/>
      <line num="57" type="method" name="save" visibility="public" complexity="2" crap="6" count="0"/>
      <line num="60" type="stmt" count="0"/>
      <line num="68" type="method" name="update" visibility="public" complexity="2" crap="6" count="0"/>
      <line num="71" type="stmt" count="0"/>
      <line num="79" type="method" name="updateByKeys" visibility="public" complexity="2" crap="6" count="0"/>
      <line num="82" type="stmt" count="0"/>
      <line num="90" type="method" name="delete" visibility="public" complexity="2" crap="6" count="0"/>
      <line num="93" type="stmt" count="0"/>
      <line num="101" type="method" name="clearCache" visibility="public" complexity="2" crap="6" count="0"/>
      <line num="104" type="stmt" count="0"/>
      <line num="110" type="method" name="remote" visibility="public" complexity="1" crap="2" count="0"/>
      <line num="113" type="stmt" count="0"/>
      <metrics loc="116" ncloc="71" classes="1" methods="7" coveredmethods="0" conditionals="0" coveredconditionals="0" statements="7" coveredstatements="0" elements="14" coveredelements="0"/>
    </file>
    <file name="/opt/www/app/Setting/Controller/Settings/SystemConfigGroupController.php">
      <class name="App\Setting\Controller\Settings\SystemConfigGroupController" namespace="global">
        <metrics complexity="8" methods="5" coveredmethods="0" conditionals="0" coveredconditionals="0" statements="5" coveredstatements="0" elements="10" coveredelements="0"/>
      </class>
      <line num="46" type="method" name="index" visibility="public" complexity="1" crap="2" count="0"/>
      <line num="49" type="stmt" count="0"/>
      <line num="57" type="method" name="save" visibility="public" complexity="2" crap="6" count="0"/>
      <line num="60" type="stmt" count="0"/>
      <line num="68" type="method" name="update" visibility="public" complexity="2" crap="6" count="0"/>
      <line num="71" type="stmt" count="0"/>
      <line num="79" type="method" name="delete" visibility="public" complexity="2" crap="6" count="0"/>
      <line num="82" type="stmt" count="0"/>
      <line num="88" type="method" name="remote" visibility="public" complexity="1" crap="2" count="0"/>
      <line num="91" type="stmt" count="0"/>
      <metrics loc="94" ncloc="59" classes="1" methods="5" coveredmethods="0" conditionals="0" coveredconditionals="0" statements="5" coveredstatements="0" elements="10" coveredelements="0"/>
    </file>
    <file name="/opt/www/app/Setting/Controller/Tools/CrontabController.php">
      <class name="App\Setting\Controller\Tools\CrontabController" namespace="global">
        <metrics complexity="16" methods="10" coveredmethods="0" conditionals="0" coveredconditionals="0" statements="14" coveredstatements="0" elements="24" coveredelements="0"/>
      </class>
      <line num="57" type="method" name="index" visibility="public" complexity="1" crap="2" count="0"/>
      <line num="60" type="stmt" count="0"/>
      <line num="68" type="method" name="logPageList" visibility="public" complexity="1" crap="2" count="0"/>
      <line num="71" type="stmt" count="0"/>
      <line num="79" type="method" name="save" visibility="public" complexity="1" crap="2" count="0"/>
      <line num="82" type="stmt" count="0"/>
      <line num="90" type="method" name="run" visibility="public" complexity="3" crap="12" count="0"/>
      <line num="93" type="stmt" count="0"/>
      <line num="94" type="stmt" count="0"/>
      <line num="95" type="stmt" count="0"/>
      <line num="97" type="stmt" count="0"/>
      <line num="105" type="method" name="read" visibility="public" complexity="1" crap="2" count="0"/>
      <line num="108" type="stmt" count="0"/>
      <line num="116" type="method" name="update" visibility="public" complexity="2" crap="6" count="0"/>
      <line num="119" type="stmt" count="0"/>
      <line num="127" type="method" name="delete" visibility="public" complexity="2" crap="6" count="0"/>
      <line num="130" type="stmt" count="0"/>
      <line num="138" type="method" name="deleteCrontabLog" visibility="public" complexity="2" crap="6" count="0"/>
      <line num="141" type="stmt" count="0"/>
      <line num="149" type="method" name="changeStatus" visibility="public" complexity="2" crap="6" count="0"/>
      <line num="152" type="stmt" count="0"/>
      <line num="153" type="stmt" count="0"/>
      <line num="159" type="method" name="remote" visibility="public" complexity="1" crap="2" count="0"/>
      <line num="162" type="stmt" count="0"/>
      <metrics loc="165" ncloc="99" classes="1" methods="10" coveredmethods="0" conditionals="0" coveredconditionals="0" statements="14" coveredstatements="0" elements="24" coveredelements="0"/>
    </file>
    <file name="/opt/www/app/Setting/Controller/Tools/GenerateCodeController.php">
      <class name="App\Setting\Controller\Tools\GenerateCodeController" namespace="global">
        <metrics complexity="15" methods="11" coveredmethods="0" conditionals="0" coveredconditionals="0" statements="16" coveredstatements="0" elements="27" coveredelements="0"/>
      </class>
      <line num="64" type="method" name="index" visibility="public" complexity="1" crap="2" count="0"/>
      <line num="67" type="stmt" count="0"/>
      <line num="75" type="method" name="getDataSourceList" visibility="public" complexity="1" crap="2" count="0"/>
      <line num="78" type="stmt" count="0"/>
      <line num="79" type="stmt" count="0"/>
      <line num="80" type="stmt" count="0"/>
      <line num="88" type="method" name="getTableColumns" visibility="public" complexity="1" crap="2" count="0"/>
      <line num="91" type="stmt" count="0"/>
      <line num="100" type="method" name="preview" visibility="public" complexity="1" crap="2" count="0"/>
      <line num="103" type="stmt" count="0"/>
      <line num="111" type="method" name="readTable" visibility="public" complexity="1" crap="2" count="0"/>
      <line num="114" type="stmt" count="0"/>
      <line num="122" type="method" name="update" visibility="public" complexity="2" crap="6" count="0"/>
      <line num="125" type="stmt" count="0"/>
      <line num="133" type="method" name="generate" visibility="public" complexity="1" crap="2" count="0"/>
      <line num="136" type="stmt" count="0"/>
      <line num="137" type="stmt" count="0"/>
      <line num="138" type="stmt" count="0"/>
      <line num="139" type="stmt" count="0"/>
      <line num="147" type="method" name="loadTable" visibility="public" complexity="2" crap="6" count="0"/>
      <line num="150" type="stmt" count="0"/>
      <line num="158" type="method" name="delete" visibility="public" complexity="2" crap="6" count="0"/>
      <line num="161" type="stmt" count="0"/>
      <line num="169" type="method" name="sync" visibility="public" complexity="2" crap="6" count="0"/>
      <line num="172" type="stmt" count="0"/>
      <line num="180" type="method" name="getModels" visibility="public" complexity="1" crap="2" count="0"/>
      <line num="183" type="stmt" count="0"/>
      <metrics loc="186" ncloc="108" classes="1" methods="11" coveredmethods="0" conditionals="0" coveredconditionals="0" statements="16" coveredstatements="0" elements="27" coveredelements="0"/>
    </file>
    <file name="/opt/www/app/Setting/Controller/Tools/SettingDatasourceController.php">
      <class name="App\Setting\Controller\Tools\SettingDatasourceController" namespace="global">
        <metrics complexity="15" methods="11" coveredmethods="0" conditionals="0" coveredconditionals="0" statements="13" coveredstatements="0" elements="24" coveredelements="0"/>
      </class>
      <line num="54" type="method" name="index" visibility="public" complexity="1" crap="2" count="0"/>
      <line num="57" type="stmt" count="0"/>
      <line num="65" type="method" name="save" visibility="public" complexity="1" crap="2" count="0"/>
      <line num="68" type="stmt" count="0"/>
      <line num="76" type="method" name="update" visibility="public" complexity="2" crap="6" count="0"/>
      <line num="79" type="stmt" count="0"/>
      <line num="87" type="method" name="read" visibility="public" complexity="1" crap="2" count="0"/>
      <line num="90" type="stmt" count="0"/>
      <line num="98" type="method" name="delete" visibility="public" complexity="2" crap="6" count="0"/>
      <line num="101" type="stmt" count="0"/>
      <line num="109" type="method" name="import" visibility="public" complexity="2" crap="6" count="0"/>
      <line num="112" type="stmt" count="0"/>
      <line num="121" type="method" name="downloadTemplate" visibility="public" complexity="1" crap="2" count="0"/>
      <line num="124" type="stmt" count="0"/>
      <line num="133" type="method" name="export" visibility="public" complexity="1" crap="2" count="0"/>
      <line num="136" type="stmt" count="0"/>
      <line num="145" type="method" name="testLink" visibility="public" complexity="2" crap="6" count="0"/>
      <line num="148" type="stmt" count="0"/>
      <line num="156" type="method" name="getDataSourceTablePageList" visibility="public" complexity="1" crap="2" count="0"/>
      <line num="159" type="stmt" count="0"/>
      <line num="160" type="stmt" count="0"/>
      <line num="161" type="stmt" count="0"/>
      <line num="167" type="method" name="remote" visibility="public" complexity="1" crap="2" count="0"/>
      <line num="170" type="stmt" count="0"/>
      <metrics loc="173" ncloc="101" classes="1" methods="11" coveredmethods="0" conditionals="0" coveredconditionals="0" statements="13" coveredstatements="0" elements="24" coveredelements="0"/>
    </file>
    <file name="/opt/www/app/Setting/Database/Migrations/2021_04_18_224626_create_setting_config_table.php">
      <class name="CreateSettingConfigTable" namespace="global">
        <metrics complexity="2" methods="2" coveredmethods="0" conditionals="0" coveredconditionals="0" statements="15" coveredstatements="0" elements="17" coveredelements="0"/>
      </class>
      <line num="21" type="method" name="up" visibility="public" complexity="1" crap="2" count="0"/>
      <line num="23" type="stmt" count="0"/>
      <line num="24" type="stmt" count="0"/>
      <line num="25" type="stmt" count="0"/>
      <line num="26" type="stmt" count="0"/>
      <line num="27" type="stmt" count="0"/>
      <line num="28" type="stmt" count="0"/>
      <line num="29" type="stmt" count="0"/>
      <line num="30" type="stmt" count="0"/>
      <line num="31" type="stmt" count="0"/>
      <line num="32" type="stmt" count="0"/>
      <line num="33" type="stmt" count="0"/>
      <line num="34" type="stmt" count="0"/>
      <line num="35" type="stmt" count="0"/>
      <line num="36" type="stmt" count="0"/>
      <line num="42" type="method" name="down" visibility="public" complexity="1" crap="2" count="0"/>
      <line num="44" type="stmt" count="0"/>
      <metrics loc="47" ncloc="33" classes="1" methods="2" coveredmethods="0" conditionals="0" coveredconditionals="0" statements="15" coveredstatements="0" elements="17" coveredelements="0"/>
    </file>
    <file name="/opt/www/app/Setting/Database/Migrations/2021_04_18_225055_create_setting_crontab_table.php">
      <class name="CreateSettingCrontabTable" namespace="global">
        <metrics complexity="2" methods="2" coveredmethods="0" conditionals="0" coveredconditionals="0" statements="26" coveredstatements="0" elements="28" coveredelements="0"/>
      </class>
      <line num="21" type="method" name="up" visibility="public" complexity="1" crap="2" count="0"/>
      <line num="23" type="stmt" count="0"/>
      <line num="24" type="stmt" count="0"/>
      <line num="25" type="stmt" count="0"/>
      <line num="26" type="stmt" count="0"/>
      <line num="27" type="stmt" count="0"/>
      <line num="28" type="stmt" count="0"/>
      <line num="29" type="stmt" count="0"/>
      <line num="30" type="stmt" count="0"/>
      <line num="31" type="stmt" count="0"/>
      <line num="32" type="stmt" count="0"/>
      <line num="33" type="stmt" count="0"/>
      <line num="34" type="stmt" count="0"/>
      <line num="35" type="stmt" count="0"/>
      <line num="36" type="stmt" count="0"/>
      <line num="37" type="stmt" count="0"/>
      <line num="38" type="stmt" count="0"/>
      <line num="39" type="stmt" count="0"/>
      <line num="40" type="stmt" count="0"/>
      <line num="41" type="stmt" count="0"/>
      <line num="42" type="stmt" count="0"/>
      <line num="43" type="stmt" count="0"/>
      <line num="44" type="stmt" count="0"/>
      <line num="45" type="stmt" count="0"/>
      <line num="46" type="stmt" count="0"/>
      <line num="47" type="stmt" count="0"/>
      <line num="53" type="method" name="down" visibility="public" complexity="1" crap="2" count="0"/>
      <line num="55" type="stmt" count="0"/>
      <metrics loc="58" ncloc="44" classes="1" methods="2" coveredmethods="0" conditionals="0" coveredconditionals="0" statements="26" coveredstatements="0" elements="28" coveredelements="0"/>
    </file>
    <file name="/opt/www/app/Setting/Database/Migrations/2021_04_18_225100_create_setting_crontab_log_table.php">
      <class name="CreateSettingCrontabLogTable" namespace="global">
        <metrics complexity="2" methods="2" coveredmethods="0" conditionals="0" coveredconditionals="0" statements="13" coveredstatements="0" elements="15" coveredelements="0"/>
      </class>
      <line num="21" type="method" name="up" visibility="public" complexity="1" crap="2" count="0"/>
      <line num="23" type="stmt" count="0"/>
      <line num="24" type="stmt" count="0"/>
      <line num="25" type="stmt" count="0"/>
      <line num="26" type="stmt" count="0"/>
      <line num="27" type="stmt" count="0"/>
      <line num="28" type="stmt" count="0"/>
      <line num="29" type="stmt" count="0"/>
      <line num="30" type="stmt" count="0"/>
      <line num="31" type="stmt" count="0"/>
      <line num="32" type="stmt" count="0"/>
      <line num="33" type="stmt" count="0"/>
      <line num="34" type="stmt" count="0"/>
      <line num="40" type="method" name="down" visibility="public" complexity="1" crap="2" count="0"/>
      <line num="42" type="stmt" count="0"/>
      <metrics loc="45" ncloc="31" classes="1" methods="2" coveredmethods="0" conditionals="0" coveredconditionals="0" statements="13" coveredstatements="0" elements="15" coveredelements="0"/>
    </file>
    <file name="/opt/www/app/Setting/Database/Migrations/2021_04_18_225100_create_setting_generate_columns_table.php">
      <class name="CreateSettingGenerateColumnsTable" namespace="global">
        <metrics complexity="2" methods="2" coveredmethods="0" conditionals="0" coveredconditionals="0" statements="43" coveredstatements="0" elements="45" coveredelements="0"/>
      </class>
      <line num="21" type="method" name="up" visibility="public" complexity="1" crap="2" count="0"/>
      <line num="23" type="stmt" count="0"/>
      <line num="24" type="stmt" count="0"/>
      <line num="25" type="stmt" count="0"/>
      <line num="26" type="stmt" count="0"/>
      <line num="27" type="stmt" count="0"/>
      <line num="28" type="stmt" count="0"/>
      <line num="29" type="stmt" count="0"/>
      <line num="30" type="stmt" count="0"/>
      <line num="31" type="stmt" count="0"/>
      <line num="32" type="stmt" count="0"/>
      <line num="33" type="stmt" count="0"/>
      <line num="34" type="stmt" count="0"/>
      <line num="35" type="stmt" count="0"/>
      <line num="36" type="stmt" count="0"/>
      <line num="37" type="stmt" count="0"/>
      <line num="38" type="stmt" count="0"/>
      <line num="39" type="stmt" count="0"/>
      <line num="40" type="stmt" count="0"/>
      <line num="41" type="stmt" count="0"/>
      <line num="42" type="stmt" count="0"/>
      <line num="43" type="stmt" count="0"/>
      <line num="44" type="stmt" count="0"/>
      <line num="45" type="stmt" count="0"/>
      <line num="46" type="stmt" count="0"/>
      <line num="47" type="stmt" count="0"/>
      <line num="48" type="stmt" count="0"/>
      <line num="49" type="stmt" count="0"/>
      <line num="50" type="stmt" count="0"/>
      <line num="51" type="stmt" count="0"/>
      <line num="52" type="stmt" count="0"/>
      <line num="53" type="stmt" count="0"/>
      <line num="54" type="stmt" count="0"/>
      <line num="55" type="stmt" count="0"/>
      <line num="56" type="stmt" count="0"/>
      <line num="57" type="stmt" count="0"/>
      <line num="58" type="stmt" count="0"/>
      <line num="59" type="stmt" count="0"/>
      <line num="60" type="stmt" count="0"/>
      <line num="61" type="stmt" count="0"/>
      <line num="62" type="stmt" count="0"/>
      <line num="63" type="stmt" count="0"/>
      <line num="64" type="stmt" count="0"/>
      <line num="70" type="method" name="down" visibility="public" complexity="1" crap="2" count="0"/>
      <line num="72" type="stmt" count="0"/>
      <metrics loc="75" ncloc="61" classes="1" methods="2" coveredmethods="0" conditionals="0" coveredconditionals="0" statements="43" coveredstatements="0" elements="45" coveredelements="0"/>
    </file>
    <file name="/opt/www/app/Setting/Database/Migrations/2021_04_18_225100_create_setting_generate_tables_table.php">
      <class name="CreateSettingGenerateTablesTable" namespace="global">
        <metrics complexity="2" methods="2" coveredmethods="0" conditionals="0" coveredconditionals="0" statements="29" coveredstatements="0" elements="31" coveredelements="0"/>
      </class>
      <line num="21" type="method" name="up" visibility="public" complexity="1" crap="2" count="0"/>
      <line num="23" type="stmt" count="0"/>
      <line num="24" type="stmt" count="0"/>
      <line num="25" type="stmt" count="0"/>
      <line num="26" type="stmt" count="0"/>
      <line num="27" type="stmt" count="0"/>
      <line num="28" type="stmt" count="0"/>
      <line num="29" type="stmt" count="0"/>
      <line num="30" type="stmt" count="0"/>
      <line num="31" type="stmt" count="0"/>
      <line num="32" type="stmt" count="0"/>
      <line num="33" type="stmt" count="0"/>
      <line num="34" type="stmt" count="0"/>
      <line num="35" type="stmt" count="0"/>
      <line num="36" type="stmt" count="0"/>
      <line num="37" type="stmt" count="0"/>
      <line num="38" type="stmt" count="0"/>
      <line num="39" type="stmt" count="0"/>
      <line num="40" type="stmt" count="0"/>
      <line num="41" type="stmt" count="0"/>
      <line num="42" type="stmt" count="0"/>
      <line num="43" type="stmt" count="0"/>
      <line num="44" type="stmt" count="0"/>
      <line num="45" type="stmt" count="0"/>
      <line num="46" type="stmt" count="0"/>
      <line num="47" type="stmt" count="0"/>
      <line num="48" type="stmt" count="0"/>
      <line num="49" type="stmt" count="0"/>
      <line num="50" type="stmt" count="0"/>
      <line num="56" type="method" name="down" visibility="public" complexity="1" crap="2" count="0"/>
      <line num="58" type="stmt" count="0"/>
      <metrics loc="61" ncloc="47" classes="1" methods="2" coveredmethods="0" conditionals="0" coveredconditionals="0" statements="29" coveredstatements="0" elements="31" coveredelements="0"/>
    </file>
    <file name="/opt/www/app/Setting/Database/Migrations/2022_07_24_225626_create_setting_config_group_table.php">
      <class name="CreateSettingConfigGroupTable" namespace="global">
        <metrics complexity="2" methods="2" coveredmethods="0" conditionals="0" coveredconditionals="0" statements="13" coveredstatements="0" elements="15" coveredelements="0"/>
      </class>
      <line num="21" type="method" name="up" visibility="public" complexity="1" crap="2" count="0"/>
      <line num="23" type="stmt" count="0"/>
      <line num="24" type="stmt" count="0"/>
      <line num="25" type="stmt" count="0"/>
      <line num="26" type="stmt" count="0"/>
      <line num="27" type="stmt" count="0"/>
      <line num="28" type="stmt" count="0"/>
      <line num="29" type="stmt" count="0"/>
      <line num="30" type="stmt" count="0"/>
      <line num="31" type="stmt" count="0"/>
      <line num="32" type="stmt" count="0"/>
      <line num="33" type="stmt" count="0"/>
      <line num="34" type="stmt" count="0"/>
      <line num="40" type="method" name="down" visibility="public" complexity="1" crap="2" count="0"/>
      <line num="42" type="stmt" count="0"/>
      <metrics loc="45" ncloc="31" classes="1" methods="2" coveredmethods="0" conditionals="0" coveredconditionals="0" statements="13" coveredstatements="0" elements="15" coveredelements="0"/>
    </file>
    <file name="/opt/www/app/Setting/Database/Migrations/Update/2022_10_14_231534_update_version101.php">
      <class name="UpdateVersion101" namespace="global">
        <metrics complexity="3" methods="2" coveredmethods="0" conditionals="0" coveredconditionals="0" statements="11" coveredstatements="0" elements="13" coveredelements="0"/>
      </class>
      <line num="21" type="method" name="up" visibility="public" complexity="2" crap="6" count="0"/>
      <line num="23" type="stmt" count="0"/>
      <line num="24" type="stmt" count="0"/>
      <line num="25" type="stmt" count="0"/>
      <line num="26" type="stmt" count="0"/>
      <line num="27" type="stmt" count="0"/>
      <line num="28" type="stmt" count="0"/>
      <line num="29" type="stmt" count="0"/>
      <line num="31" type="stmt" count="0"/>
      <line num="37" type="method" name="down" visibility="public" complexity="1" crap="2" count="0"/>
      <line num="39" type="stmt" count="0"/>
      <line num="40" type="stmt" count="0"/>
      <line num="41" type="stmt" count="0"/>
      <metrics loc="44" ncloc="30" classes="1" methods="2" coveredmethods="0" conditionals="0" coveredconditionals="0" statements="11" coveredstatements="0" elements="13" coveredelements="0"/>
    </file>
    <file name="/opt/www/app/Setting/Database/Migrations/Update/2023_3_31_356255_update_version120.php">
      <class name="UpdateVersion120" namespace="global">
        <metrics complexity="5" methods="2" coveredmethods="0" conditionals="0" coveredconditionals="0" statements="61" coveredstatements="0" elements="63" coveredelements="0"/>
      </class>
      <line num="26" type="method" name="up" visibility="public" complexity="4" crap="20" count="0"/>
      <line num="28" type="stmt" count="0"/>
      <line num="29" type="stmt" count="0"/>
      <line num="30" type="stmt" count="0"/>
      <line num="31" type="stmt" count="0"/>
      <line num="32" type="stmt" count="0"/>
      <line num="33" type="stmt" count="0"/>
      <line num="34" type="stmt" count="0"/>
      <line num="35" type="stmt" count="0"/>
      <line num="36" type="stmt" count="0"/>
      <line num="37" type="stmt" count="0"/>
      <line num="38" type="stmt" count="0"/>
      <line num="39" type="stmt" count="0"/>
      <line num="40" type="stmt" count="0"/>
      <line num="41" type="stmt" count="0"/>
      <line num="42" type="stmt" count="0"/>
      <line num="45" type="stmt" count="0"/>
      <line num="46" type="stmt" count="0"/>
      <line num="47" type="stmt" count="0"/>
      <line num="48" type="stmt" count="0"/>
      <line num="49" type="stmt" count="0"/>
      <line num="50" type="stmt" count="0"/>
      <line num="51" type="stmt" count="0"/>
      <line num="52" type="stmt" count="0"/>
      <line num="53" type="stmt" count="0"/>
      <line num="54" type="stmt" count="0"/>
      <line num="55" type="stmt" count="0"/>
      <line num="56" type="stmt" count="0"/>
      <line num="57" type="stmt" count="0"/>
      <line num="58" type="stmt" count="0"/>
      <line num="59" type="stmt" count="0"/>
      <line num="60" type="stmt" count="0"/>
      <line num="61" type="stmt" count="0"/>
      <line num="62" type="stmt" count="0"/>
      <line num="63" type="stmt" count="0"/>
      <line num="64" type="stmt" count="0"/>
      <line num="65" type="stmt" count="0"/>
      <line num="66" type="stmt" count="0"/>
      <line num="68" type="stmt" count="0"/>
      <line num="70" type="stmt" count="0"/>
      <line num="71" type="stmt" count="0"/>
      <line num="72" type="stmt" count="0"/>
      <line num="73" type="stmt" count="0"/>
      <line num="74" type="stmt" count="0"/>
      <line num="75" type="stmt" count="0"/>
      <line num="76" type="stmt" count="0"/>
      <line num="77" type="stmt" count="0"/>
      <line num="78" type="stmt" count="0"/>
      <line num="79" type="stmt" count="0"/>
      <line num="81" type="stmt" count="0"/>
      <line num="82" type="stmt" count="0"/>
      <line num="83" type="stmt" count="0"/>
      <line num="84" type="stmt" count="0"/>
      <line num="85" type="stmt" count="0"/>
      <line num="86" type="stmt" count="0"/>
      <line num="87" type="stmt" count="0"/>
      <line num="88" type="stmt" count="0"/>
      <line num="89" type="stmt" count="0"/>
      <line num="92" type="stmt" count="0"/>
      <line num="93" type="stmt" count="0"/>
      <line num="96" type="stmt" count="0"/>
      <line num="102" type="method" name="down" visibility="public" complexity="1" crap="2" count="0"/>
      <line num="104" type="stmt" count="0"/>
      <metrics loc="107" ncloc="89" classes="1" methods="2" coveredmethods="0" conditionals="0" coveredconditionals="0" statements="61" coveredstatements="0" elements="63" coveredelements="0"/>
    </file>
    <file name="/opt/www/app/Setting/Database/Seeders/setting_config_group_seeder.php">
      <class name="SettingConfigGroupSeeder" namespace="global">
        <metrics complexity="3" methods="1" coveredmethods="0" conditionals="0" coveredconditionals="0" statements="14" coveredstatements="0" elements="15" coveredelements="0"/>
      </class>
      <line num="30" type="method" name="run" visibility="public" complexity="3" crap="12" count="0"/>
      <line num="32" type="stmt" count="0"/>
      <line num="33" type="stmt" count="0"/>
      <line num="35" type="stmt" count="0"/>
      <line num="36" type="stmt" count="0"/>
      <line num="37" type="stmt" count="0"/>
      <line num="38" type="stmt" count="0"/>
      <line num="39" type="stmt" count="0"/>
      <line num="40" type="stmt" count="0"/>
      <line num="42" type="stmt" count="0"/>
      <line num="43" type="stmt" count="0"/>
      <line num="44" type="stmt" count="0"/>
      <line num="45" type="stmt" count="0"/>
      <line num="47" type="stmt" count="0"/>
      <line num="48" type="stmt" count="0"/>
      <metrics loc="52" ncloc="32" classes="1" methods="1" coveredmethods="0" conditionals="0" coveredconditionals="0" statements="14" coveredstatements="0" elements="15" coveredelements="0"/>
    </file>
    <file name="/opt/www/app/Setting/Database/Seeders/setting_config_seeder.php">
      <class name="SettingConfigSeeder" namespace="global">
        <metrics complexity="3" methods="1" coveredmethods="0" conditionals="0" coveredconditionals="0" statements="25" coveredstatements="0" elements="26" coveredelements="0"/>
      </class>
      <line num="30" type="method" name="run" visibility="public" complexity="3" crap="12" count="0"/>
      <line num="32" type="stmt" count="0"/>
      <line num="33" type="stmt" count="0"/>
      <line num="34" type="stmt" count="0"/>
      <line num="35" type="stmt" count="0"/>
      <line num="36" type="stmt" count="0"/>
      <line num="37" type="stmt" count="0"/>
      <line num="38" type="stmt" count="0"/>
      <line num="39" type="stmt" count="0"/>
      <line num="40" type="stmt" count="0"/>
      <line num="41" type="stmt" count="0"/>
      <line num="42" type="stmt" count="0"/>
      <line num="43" type="stmt" count="0"/>
      <line num="44" type="stmt" count="0"/>
      <line num="46" type="stmt" count="0"/>
      <line num="47" type="stmt" count="0"/>
      <line num="48" type="stmt" count="0"/>
      <line num="49" type="stmt" count="0"/>
      <line num="50" type="stmt" count="0"/>
      <line num="51" type="stmt" count="0"/>
      <line num="52" type="stmt" count="0"/>
      <line num="53" type="stmt" count="0"/>
      <line num="54" type="stmt" count="0"/>
      <line num="55" type="stmt" count="0"/>
      <line num="57" type="stmt" count="0"/>
      <line num="58" type="stmt" count="0"/>
      <metrics loc="62" ncloc="42" classes="1" methods="1" coveredmethods="0" conditionals="0" coveredconditionals="0" statements="25" coveredstatements="0" elements="26" coveredelements="0"/>
    </file>
    <file name="/opt/www/app/Setting/Database/Seeders/setting_crontab_seeder.php">
      <class name="SettingCrontabSeeder" namespace="global">
        <metrics complexity="4" methods="2" coveredmethods="0" conditionals="0" coveredconditionals="0" statements="14" coveredstatements="0" elements="16" coveredelements="0"/>
      </class>
      <line num="30" type="method" name="run" visibility="public" complexity="2" crap="6" count="0"/>
      <line num="32" type="stmt" count="0"/>
      <line num="33" type="stmt" count="0"/>
      <line num="34" type="stmt" count="0"/>
      <line num="38" type="method" name="getData" visibility="public" complexity="2" crap="6" count="0"/>
      <line num="40" type="stmt" count="0"/>
      <line num="41" type="stmt" count="0"/>
      <line num="42" type="stmt" count="0"/>
      <line num="43" type="stmt" count="0"/>
      <line num="44" type="stmt" count="0"/>
      <line num="45" type="stmt" count="0"/>
      <line num="46" type="stmt" count="0"/>
      <line num="48" type="stmt" count="0"/>
      <line num="49" type="stmt" count="0"/>
      <line num="50" type="stmt" count="0"/>
      <line num="51" type="stmt" count="0"/>
      <metrics loc="54" ncloc="34" classes="1" methods="2" coveredmethods="0" conditionals="0" coveredconditionals="0" statements="14" coveredstatements="0" elements="16" coveredelements="0"/>
    </file>
    <file name="/opt/www/app/Setting/Dto/SettingDatasourceDto.php">
      <class name="App\Setting\Dto\SettingDatasourceDto" namespace="global">
        <metrics complexity="0" methods="0" coveredmethods="0" conditionals="0" coveredconditionals="0" statements="0" coveredstatements="0" elements="0" coveredelements="0"/>
      </class>
      <metrics loc="55" ncloc="44" classes="0" methods="0" coveredmethods="0" conditionals="0" coveredconditionals="0" statements="0" coveredstatements="0" elements="0" coveredelements="0"/>
    </file>
    <file name="/opt/www/app/Setting/Mapper/SettingConfigGroupMapper.php">
      <class name="App\Setting\Mapper\SettingConfigGroupMapper" namespace="global">
        <metrics complexity="2" methods="2" coveredmethods="0" conditionals="0" coveredconditionals="0" statements="4" coveredstatements="0" elements="6" coveredelements="0"/>
      </class>
      <line num="25" type="method" name="assignModel" visibility="public" complexity="1" crap="2" count="0"/>
      <line num="27" type="stmt" count="0"/>
      <line num="34" type="method" name="deleteGroupAndConfig" visibility="public" complexity="1" crap="2" count="0"/>
      <line num="37" type="stmt" count="0"/>
      <line num="38" type="stmt" count="0"/>
      <line num="39" type="stmt" count="0"/>
      <metrics loc="42" ncloc="26" classes="1" methods="2" coveredmethods="0" conditionals="0" coveredconditionals="0" statements="4" coveredstatements="0" elements="6" coveredelements="0"/>
    </file>
    <file name="/opt/www/app/Setting/Mapper/SettingConfigMapper.php">
      <class name="App\Setting\Mapper\SettingConfigMapper" namespace="global">
        <metrics complexity="18" methods="7" coveredmethods="0" conditionals="0" coveredconditionals="0" statements="26" coveredstatements="0" elements="33" coveredelements="0"/>
      </class>
      <line num="26" type="method" name="assignModel" visibility="public" complexity="1" crap="2" count="0"/>
      <line num="28" type="stmt" count="0"/>
      <line num="34" type="method" name="getConfigByKey" visibility="public" complexity="2" crap="6" count="0"/>
      <line num="36" type="stmt" count="0"/>
      <line num="37" type="stmt" count="0"/>
      <line num="38" type="stmt" count="0"/>
      <line num="39" type="stmt" count="0"/>
      <line num="45" type="method" name="getConfigByGroupKey" visibility="public" complexity="1" crap="2" count="0"/>
      <line num="47" type="stmt" count="0"/>
      <line num="48" type="stmt" count="0"/>
      <line num="49" type="stmt" count="0"/>
      <line num="50" type="stmt" count="0"/>
      <line num="51" type="stmt" count="0"/>
      <line num="57" type="method" name="updateConfig" visibility="public" complexity="3" crap="12" count="0"/>
      <line num="59" type="stmt" count="0"/>
      <line num="60" type="stmt" count="0"/>
      <line num="62" type="stmt" count="0"/>
      <line num="68" type="method" name="updateByKey" visibility="public" complexity="2" crap="6" count="0"/>
      <line num="70" type="stmt" count="0"/>
      <line num="71" type="stmt" count="0"/>
      <line num="72" type="stmt" count="0"/>
      <line num="78" type="method" name="save" visibility="public" complexity="2" crap="6" count="0"/>
      <line num="80" type="stmt" count="0"/>
      <line num="81" type="stmt" count="0"/>
      <line num="82" type="stmt" count="0"/>
      <line num="88" type="method" name="handleSearch" visibility="public" complexity="7" crap="56" count="0"/>
      <line num="90" type="stmt" count="0"/>
      <line num="91" type="stmt" count="0"/>
      <line num="93" type="stmt" count="0"/>
      <line num="94" type="stmt" count="0"/>
      <line num="96" type="stmt" count="0"/>
      <line num="97" type="stmt" count="0"/>
      <line num="99" type="stmt" count="0"/>
      <metrics loc="102" ncloc="73" classes="1" methods="7" coveredmethods="0" conditionals="0" coveredconditionals="0" statements="26" coveredstatements="0" elements="33" coveredelements="0"/>
    </file>
    <file name="/opt/www/app/Setting/Mapper/SettingCrontabLogMapper.php">
      <class name="App\Setting\Mapper\SettingCrontabLogMapper" namespace="global">
        <metrics complexity="3" methods="2" coveredmethods="0" conditionals="0" coveredconditionals="0" statements="4" coveredstatements="0" elements="6" coveredelements="0"/>
      </class>
      <line num="26" type="method" name="assignModel" visibility="public" complexity="1" crap="2" count="0"/>
      <line num="28" type="stmt" count="0"/>
      <line num="34" type="method" name="handleSearch" visibility="public" complexity="2" crap="6" count="0"/>
      <line num="36" type="stmt" count="0"/>
      <line num="37" type="stmt" count="0"/>
      <line num="39" type="stmt" count="0"/>
      <metrics loc="42" ncloc="28" classes="1" methods="2" coveredmethods="0" conditionals="0" coveredconditionals="0" statements="4" coveredstatements="0" elements="6" coveredelements="0"/>
    </file>
    <file name="/opt/www/app/Setting/Mapper/SettingCrontabMapper.php">
      <class name="App\Setting\Mapper\SettingCrontabMapper" namespace="global">
        <metrics complexity="15" methods="3" coveredmethods="0" conditionals="0" coveredconditionals="0" statements="19" coveredstatements="0" elements="22" coveredelements="0"/>
      </class>
      <line num="27" type="method" name="assignModel" visibility="public" complexity="1" crap="2" count="0"/>
      <line num="29" type="stmt" count="0"/>
      <line num="35" type="method" name="delete" visibility="public" complexity="3" crap="12" count="0"/>
      <line num="38" type="stmt" count="0"/>
      <line num="39" type="stmt" count="0"/>
      <line num="40" type="stmt" count="0"/>
      <line num="41" type="stmt" count="0"/>
      <line num="42" type="stmt" count="0"/>
      <line num="45" type="stmt" count="0"/>
      <line num="51" type="method" name="handleSearch" visibility="public" complexity="11" crap="132" count="0"/>
      <line num="53" type="stmt" count="0"/>
      <line num="54" type="stmt" count="0"/>
      <line num="56" type="stmt" count="0"/>
      <line num="57" type="stmt" count="0"/>
      <line num="59" type="stmt" count="0"/>
      <line num="60" type="stmt" count="0"/>
      <line num="62" type="stmt" count="0"/>
      <line num="63" type="stmt" count="0"/>
      <line num="64" type="stmt" count="0"/>
      <line num="65" type="stmt" count="0"/>
      <line num="66" type="stmt" count="0"/>
      <line num="68" type="stmt" count="0"/>
      <metrics loc="71" ncloc="54" classes="1" methods="3" coveredmethods="0" conditionals="0" coveredconditionals="0" statements="19" coveredstatements="0" elements="22" coveredelements="0"/>
    </file>
    <file name="/opt/www/app/Setting/Mapper/SettingDatasourceMapper.php">
      <class name="App\Setting\Mapper\SettingDatasourceMapper" namespace="global">
        <metrics complexity="10" methods="6" coveredmethods="0" conditionals="0" coveredconditionals="0" statements="16" coveredstatements="0" elements="22" coveredelements="0"/>
      </class>
      <line num="33" type="method" name="assignModel" visibility="public" complexity="1" crap="2" count="0"/>
      <line num="35" type="stmt" count="0"/>
      <line num="41" type="method" name="handleSearch" visibility="public" complexity="3" crap="12" count="0"/>
      <line num="44" type="stmt" count="0"/>
      <line num="45" type="stmt" count="0"/>
      <line num="48" type="stmt" count="0"/>
      <line num="56" type="method" name="getDataSourceTableList" visibility="public" complexity="2" crap="6" count="0"/>
      <line num="59" type="stmt" count="0"/>
      <line num="60" type="stmt" count="0"/>
      <line num="61" type="stmt" count="0"/>
      <line num="68" type="method" name="getCreateTableSql" visibility="public" complexity="2" crap="6" count="0"/>
      <line num="71" type="stmt" count="0"/>
      <line num="72" type="stmt" count="0"/>
      <line num="73" type="stmt" count="0"/>
      <line num="74" type="stmt" count="0"/>
      <line num="75" type="stmt" count="0"/>
      <line num="82" type="method" name="createTable" visibility="public" complexity="1" crap="2" count="0"/>
      <line num="84" type="stmt" count="0"/>
      <line num="87" type="method" name="connectionDb" visibility="public" complexity="1" crap="2" count="0"/>
      <line num="89" type="stmt" count="0"/>
      <line num="90" type="stmt" count="0"/>
      <line num="91" type="stmt" count="0"/>
      <metrics loc="94" ncloc="65" classes="1" methods="6" coveredmethods="0" conditionals="0" coveredconditionals="0" statements="16" coveredstatements="0" elements="22" coveredelements="0"/>
    </file>
    <file name="/opt/www/app/Setting/Mapper/SettingGenerateColumnsMapper.php">
      <class name="App\Setting\Mapper\SettingGenerateColumnsMapper" namespace="global">
        <metrics complexity="3" methods="2" coveredmethods="0" conditionals="0" coveredconditionals="0" statements="4" coveredstatements="0" elements="6" coveredelements="0"/>
      </class>
      <line num="30" type="method" name="assignModel" visibility="public" complexity="1" crap="2" count="0"/>
      <line num="32" type="stmt" count="0"/>
      <line num="38" type="method" name="handleSearch" visibility="public" complexity="2" crap="6" count="0"/>
      <line num="40" type="stmt" count="0"/>
      <line num="41" type="stmt" count="0"/>
      <line num="43" type="stmt" count="0"/>
      <metrics loc="46" ncloc="28" classes="1" methods="2" coveredmethods="0" conditionals="0" coveredconditionals="0" statements="4" coveredstatements="0" elements="6" coveredelements="0"/>
    </file>
    <file name="/opt/www/app/Setting/Mapper/SettingGenerateTablesMapper.php">
      <class name="App\Setting\Mapper\SettingGenerateTablesMapper" namespace="global">
        <metrics complexity="11" methods="3" coveredmethods="0" conditionals="0" coveredconditionals="0" statements="14" coveredstatements="0" elements="17" coveredelements="0"/>
      </class>
      <line num="31" type="method" name="assignModel" visibility="public" complexity="1" crap="2" count="0"/>
      <line num="33" type="stmt" count="0"/>
      <line num="40" type="method" name="delete" visibility="public" complexity="3" crap="12" count="0"/>
      <line num="44" type="stmt" count="0"/>
      <line num="45" type="stmt" count="0"/>
      <line num="46" type="stmt" count="0"/>
      <line num="47" type="stmt" count="0"/>
      <line num="50" type="stmt" count="0"/>
      <line num="56" type="method" name="handleSearch" visibility="public" complexity="7" crap="56" count="0"/>
      <line num="58" type="stmt" count="0"/>
      <line num="59" type="stmt" count="0"/>
      <line num="61" type="stmt" count="0"/>
      <line num="62" type="stmt" count="0"/>
      <line num="63" type="stmt" count="0"/>
      <line num="64" type="stmt" count="0"/>
      <line num="65" type="stmt" count="0"/>
      <line num="67" type="stmt" count="0"/>
      <metrics loc="70" ncloc="47" classes="1" methods="3" coveredmethods="0" conditionals="0" coveredconditionals="0" statements="14" coveredstatements="0" elements="17" coveredelements="0"/>
    </file>
    <file name="/opt/www/app/Setting/Model/SettingConfig.php">
      <class name="App\Setting\Model\SettingConfig" namespace="global">
        <metrics complexity="0" methods="0" coveredmethods="0" conditionals="0" coveredconditionals="0" statements="0" coveredstatements="0" elements="0" coveredelements="0"/>
      </class>
      <metrics loc="52" ncloc="25" classes="0" methods="0" coveredmethods="0" conditionals="0" coveredconditionals="0" statements="0" coveredstatements="0" elements="0" coveredelements="0"/>
    </file>
    <file name="/opt/www/app/Setting/Model/SettingConfigGroup.php">
      <class name="App\Setting\Model\SettingConfigGroup" namespace="global">
        <metrics complexity="1" methods="1" coveredmethods="0" conditionals="0" coveredconditionals="0" statements="1" coveredstatements="0" elements="2" coveredelements="0"/>
      </class>
      <line num="49" type="method" name="configs" visibility="public" complexity="1" crap="2" count="0"/>
      <line num="51" type="stmt" count="0"/>
      <metrics loc="54" ncloc="24" classes="1" methods="1" coveredmethods="0" conditionals="0" coveredconditionals="0" statements="1" coveredstatements="0" elements="2" coveredelements="0"/>
    </file>
    <file name="/opt/www/app/Setting/Model/SettingCrontab.php">
      <class name="App\Setting\Model\SettingCrontab" namespace="global">
        <metrics complexity="1" methods="1" coveredmethods="0" conditionals="0" coveredconditionals="0" statements="1" coveredstatements="0" elements="2" coveredelements="0"/>
      </class>
      <line num="68" type="method" name="logs" visibility="public" complexity="1" crap="2" count="0"/>
      <line num="70" type="stmt" count="0"/>
      <metrics loc="73" ncloc="33" classes="1" methods="1" coveredmethods="0" conditionals="0" coveredconditionals="0" statements="1" coveredstatements="0" elements="2" coveredelements="0"/>
    </file>
    <file name="/opt/www/app/Setting/Model/SettingCrontabLog.php">
      <class name="App\Setting\Model\SettingCrontabLog" namespace="global">
        <metrics complexity="0" methods="0" coveredmethods="0" conditionals="0" coveredconditionals="0" statements="0" coveredstatements="0" elements="0" coveredelements="0"/>
      </class>
      <metrics loc="46" ncloc="19" classes="0" methods="0" coveredmethods="0" conditionals="0" coveredconditionals="0" statements="0" coveredstatements="0" elements="0" coveredelements="0"/>
    </file>
    <file name="/opt/www/app/Setting/Model/SettingDatasource.php">
      <class name="App\Setting\Model\SettingDatasource" namespace="global">
        <metrics complexity="0" methods="0" coveredmethods="0" conditionals="0" coveredconditionals="0" statements="0" coveredstatements="0" elements="0" coveredelements="0"/>
      </class>
      <metrics loc="47" ncloc="18" classes="0" methods="0" coveredmethods="0" conditionals="0" coveredconditionals="0" statements="0" coveredstatements="0" elements="0" coveredelements="0"/>
    </file>
    <file name="/opt/www/app/Setting/Model/SettingGenerateColumns.php">
      <class name="App\Setting\Model\SettingGenerateColumns" namespace="global">
        <metrics complexity="0" methods="0" coveredmethods="0" conditionals="0" coveredconditionals="0" statements="0" coveredstatements="0" elements="0" coveredelements="0"/>
      </class>
      <metrics loc="64" ncloc="22" classes="0" methods="0" coveredmethods="0" conditionals="0" coveredconditionals="0" statements="0" coveredstatements="0" elements="0" coveredelements="0"/>
    </file>
    <file name="/opt/www/app/Setting/Model/SettingGenerateTables.php">
      <class name="App\Setting\Model\SettingGenerateTables" namespace="global">
        <metrics complexity="17" methods="17" coveredmethods="0" conditionals="0" coveredconditionals="0" statements="21" coveredstatements="0" elements="38" coveredelements="0"/>
      </class>
      <line num="67" type="method" name="columns" visibility="public" complexity="1" crap="2" count="0"/>
      <line num="69" type="stmt" count="0"/>
      <line num="72" type="method" name="getModuleName" visibility="public" complexity="1" crap="2" count="0"/>
      <line num="74" type="stmt" count="0"/>
      <line num="77" type="method" name="getTableName" visibility="public" complexity="1" crap="2" count="0"/>
      <line num="79" type="stmt" count="0"/>
      <line num="82" type="method" name="getGenerateMenus" visibility="public" complexity="1" crap="2" count="0"/>
      <line num="84" type="stmt" count="0"/>
      <line num="87" type="method" name="getType" visibility="public" complexity="1" crap="2" count="0"/>
      <line num="89" type="stmt" count="0"/>
      <line num="92" type="method" name="getMenuName" visibility="public" complexity="1" crap="2" count="0"/>
      <line num="94" type="stmt" count="0"/>
      <line num="97" type="method" name="getNamespace" visibility="public" complexity="1" crap="2" count="0"/>
      <line num="99" type="stmt" count="0"/>
      <line num="102" type="method" name="getPackageName" visibility="public" complexity="1" crap="2" count="0"/>
      <line num="104" type="stmt" count="0"/>
      <line num="107" type="method" name="getGenerateType" visibility="public" complexity="1" crap="2" count="0"/>
      <line num="109" type="stmt" count="0"/>
      <line num="112" type="method" name="getComponentType" visibility="public" complexity="1" crap="2" count="0"/>
      <line num="114" type="stmt" count="0"/>
      <line num="115" type="stmt" count="0"/>
      <line num="116" type="stmt" count="0"/>
      <line num="117" type="stmt" count="0"/>
      <line num="118" type="stmt" count="0"/>
      <line num="121" type="method" name="getOptions" visibility="public" complexity="1" crap="2" count="0"/>
      <line num="123" type="stmt" count="0"/>
      <line num="126" type="method" name="getPkName" visibility="public" complexity="1" crap="2" count="0"/>
      <line num="128" type="stmt" count="0"/>
      <line num="131" type="method" name="getColumns" visibility="public" complexity="1" crap="2" count="0"/>
      <line num="133" type="stmt" count="0"/>
      <line num="136" type="method" name="handleQuery" visibility="public" complexity="1" crap="2" count="0"/>
      <line num="138" type="stmt" count="0"/>
      <line num="141" type="method" name="getId" visibility="public" complexity="1" crap="2" count="0"/>
      <line num="143" type="stmt" count="0"/>
      <line num="146" type="method" name="getBelongMenuId" visibility="public" complexity="1" crap="2" count="0"/>
      <line num="148" type="stmt" count="0"/>
      <line num="151" type="method" name="getSystemMenuFind" visibility="public" complexity="1" crap="2" count="0"/>
      <line num="153" type="stmt" count="0"/>
      <metrics loc="156" ncloc="115" classes="1" methods="17" coveredmethods="0" conditionals="0" coveredconditionals="0" statements="21" coveredstatements="0" elements="38" coveredelements="0"/>
    </file>
    <file name="/opt/www/app/Setting/Request/GenerateRequest.php">
      <class name="App\Setting\Request\GenerateRequest" namespace="global">
        <metrics complexity="4" methods="4" coveredmethods="0" conditionals="0" coveredconditionals="0" statements="37" coveredstatements="0" elements="41" coveredelements="0"/>
      </class>
      <line num="22" type="method" name="commonRules" visibility="public" complexity="1" crap="2" count="0"/>
      <line num="24" type="stmt" count="0"/>
      <line num="30" type="method" name="updateRules" visibility="public" complexity="1" crap="2" count="0"/>
      <line num="32" type="stmt" count="0"/>
      <line num="33" type="stmt" count="0"/>
      <line num="34" type="stmt" count="0"/>
      <line num="35" type="stmt" count="0"/>
      <line num="36" type="stmt" count="0"/>
      <line num="37" type="stmt" count="0"/>
      <line num="38" type="stmt" count="0"/>
      <line num="39" type="stmt" count="0"/>
      <line num="40" type="stmt" count="0"/>
      <line num="41" type="stmt" count="0"/>
      <line num="42" type="stmt" count="0"/>
      <line num="43" type="stmt" count="0"/>
      <line num="44" type="stmt" count="0"/>
      <line num="45" type="stmt" count="0"/>
      <line num="46" type="stmt" count="0"/>
      <line num="47" type="stmt" count="0"/>
      <line num="48" type="stmt" count="0"/>
      <line num="51" type="method" name="loadTableRules" visibility="public" complexity="1" crap="2" count="0"/>
      <line num="53" type="stmt" count="0"/>
      <line num="54" type="stmt" count="0"/>
      <line num="55" type="stmt" count="0"/>
      <line num="56" type="stmt" count="0"/>
      <line num="63" type="method" name="attributes" visibility="public" complexity="1" crap="2" count="0"/>
      <line num="65" type="stmt" count="0"/>
      <line num="66" type="stmt" count="0"/>
      <line num="67" type="stmt" count="0"/>
      <line num="68" type="stmt" count="0"/>
      <line num="69" type="stmt" count="0"/>
      <line num="70" type="stmt" count="0"/>
      <line num="71" type="stmt" count="0"/>
      <line num="72" type="stmt" count="0"/>
      <line num="73" type="stmt" count="0"/>
      <line num="74" type="stmt" count="0"/>
      <line num="75" type="stmt" count="0"/>
      <line num="76" type="stmt" count="0"/>
      <line num="77" type="stmt" count="0"/>
      <line num="78" type="stmt" count="0"/>
      <line num="79" type="stmt" count="0"/>
      <metrics loc="82" ncloc="64" classes="1" methods="4" coveredmethods="0" conditionals="0" coveredconditionals="0" statements="37" coveredstatements="0" elements="41" coveredelements="0"/>
    </file>
    <file name="/opt/www/app/Setting/Request/ModuleRequest.php">
      <class name="App\Setting\Request\ModuleRequest" namespace="global">
        <metrics complexity="4" methods="4" coveredmethods="0" conditionals="0" coveredconditionals="0" statements="18" coveredstatements="0" elements="22" coveredelements="0"/>
      </class>
      <line num="22" type="method" name="commonRules" visibility="public" complexity="1" crap="2" count="0"/>
      <line num="24" type="stmt" count="0"/>
      <line num="31" type="method" name="saveRules" visibility="public" complexity="1" crap="2" count="0"/>
      <line num="33" type="stmt" count="0"/>
      <line num="34" type="stmt" count="0"/>
      <line num="35" type="stmt" count="0"/>
      <line num="36" type="stmt" count="0"/>
      <line num="37" type="stmt" count="0"/>
      <line num="38" type="stmt" count="0"/>
      <line num="45" type="method" name="modifyStatusRules" visibility="public" complexity="1" crap="2" count="0"/>
      <line num="47" type="stmt" count="0"/>
      <line num="48" type="stmt" count="0"/>
      <line num="49" type="stmt" count="0"/>
      <line num="50" type="stmt" count="0"/>
      <line num="57" type="method" name="attributes" visibility="public" complexity="1" crap="2" count="0"/>
      <line num="59" type="stmt" count="0"/>
      <line num="60" type="stmt" count="0"/>
      <line num="61" type="stmt" count="0"/>
      <line num="62" type="stmt" count="0"/>
      <line num="63" type="stmt" count="0"/>
      <line num="64" type="stmt" count="0"/>
      <line num="65" type="stmt" count="0"/>
      <metrics loc="68" ncloc="45" classes="1" methods="4" coveredmethods="0" conditionals="0" coveredconditionals="0" statements="18" coveredstatements="0" elements="22" coveredelements="0"/>
    </file>
    <file name="/opt/www/app/Setting/Request/SettingConfigGroupRequest.php">
      <class name="App\Setting\Request\SettingConfigGroupRequest" namespace="global">
        <metrics complexity="4" methods="4" coveredmethods="0" conditionals="0" coveredconditionals="0" statements="13" coveredstatements="0" elements="17" coveredelements="0"/>
      </class>
      <line num="22" type="method" name="commonRules" visibility="public" complexity="1" crap="2" count="0"/>
      <line num="24" type="stmt" count="0"/>
      <line num="25" type="stmt" count="0"/>
      <line num="26" type="stmt" count="0"/>
      <line num="27" type="stmt" count="0"/>
      <line num="33" type="method" name="saveRules" visibility="public" complexity="1" crap="2" count="0"/>
      <line num="35" type="stmt" count="0"/>
      <line num="41" type="method" name="updateRules" visibility="public" complexity="1" crap="2" count="0"/>
      <line num="43" type="stmt" count="0"/>
      <line num="44" type="stmt" count="0"/>
      <line num="45" type="stmt" count="0"/>
      <line num="52" type="method" name="attributes" visibility="public" complexity="1" crap="2" count="0"/>
      <line num="54" type="stmt" count="0"/>
      <line num="55" type="stmt" count="0"/>
      <line num="56" type="stmt" count="0"/>
      <line num="57" type="stmt" count="0"/>
      <line num="58" type="stmt" count="0"/>
      <metrics loc="61" ncloc="40" classes="1" methods="4" coveredmethods="0" conditionals="0" coveredconditionals="0" statements="13" coveredstatements="0" elements="17" coveredelements="0"/>
    </file>
    <file name="/opt/www/app/Setting/Request/SettingConfigRequest.php">
      <class name="App\Setting\Request\SettingConfigRequest" namespace="global">
        <metrics complexity="4" methods="4" coveredmethods="0" conditionals="0" coveredconditionals="0" statements="19" coveredstatements="0" elements="23" coveredelements="0"/>
      </class>
      <line num="22" type="method" name="commonRules" visibility="public" complexity="1" crap="2" count="0"/>
      <line num="24" type="stmt" count="0"/>
      <line num="25" type="stmt" count="0"/>
      <line num="26" type="stmt" count="0"/>
      <line num="27" type="stmt" count="0"/>
      <line num="28" type="stmt" count="0"/>
      <line num="29" type="stmt" count="0"/>
      <line num="30" type="stmt" count="0"/>
      <line num="31" type="stmt" count="0"/>
      <line num="32" type="stmt" count="0"/>
      <line num="33" type="stmt" count="0"/>
      <line num="39" type="method" name="saveRules" visibility="public" complexity="1" crap="2" count="0"/>
      <line num="41" type="stmt" count="0"/>
      <line num="42" type="stmt" count="0"/>
      <line num="48" type="method" name="updateRules" visibility="public" complexity="1" crap="2" count="0"/>
      <line num="50" type="stmt" count="0"/>
      <line num="51" type="stmt" count="0"/>
      <line num="58" type="method" name="attributes" visibility="public" complexity="1" crap="2" count="0"/>
      <line num="60" type="stmt" count="0"/>
      <line num="61" type="stmt" count="0"/>
      <line num="62" type="stmt" count="0"/>
      <line num="63" type="stmt" count="0"/>
      <line num="64" type="stmt" count="0"/>
      <metrics loc="67" ncloc="46" classes="1" methods="4" coveredmethods="0" conditionals="0" coveredconditionals="0" statements="19" coveredstatements="0" elements="23" coveredelements="0"/>
    </file>
    <file name="/opt/www/app/Setting/Request/SettingCrontabRequest.php">
      <class name="App\Setting\Request\SettingCrontabRequest" namespace="global">
        <metrics complexity="4" methods="4" coveredmethods="0" conditionals="0" coveredconditionals="0" statements="14" coveredstatements="0" elements="18" coveredelements="0"/>
      </class>
      <line num="22" type="method" name="commonRules" visibility="public" complexity="1" crap="2" count="0"/>
      <line num="24" type="stmt" count="0"/>
      <line num="25" type="stmt" count="0"/>
      <line num="26" type="stmt" count="0"/>
      <line num="27" type="stmt" count="0"/>
      <line num="28" type="stmt" count="0"/>
      <line num="29" type="stmt" count="0"/>
      <line num="36" type="method" name="saveRules" visibility="public" complexity="1" crap="2" count="0"/>
      <line num="38" type="stmt" count="0"/>
      <line num="45" type="method" name="updateRules" visibility="public" complexity="1" crap="2" count="0"/>
      <line num="47" type="stmt" count="0"/>
      <line num="54" type="method" name="attributes" visibility="public" complexity="1" crap="2" count="0"/>
      <line num="56" type="stmt" count="0"/>
      <line num="57" type="stmt" count="0"/>
      <line num="58" type="stmt" count="0"/>
      <line num="59" type="stmt" count="0"/>
      <line num="60" type="stmt" count="0"/>
      <line num="61" type="stmt" count="0"/>
      <metrics loc="64" ncloc="41" classes="1" methods="4" coveredmethods="0" conditionals="0" coveredconditionals="0" statements="14" coveredstatements="0" elements="18" coveredelements="0"/>
    </file>
    <file name="/opt/www/app/Setting/Request/SettingDatasourceRequest.php">
      <class name="App\Setting\Request\SettingDatasourceRequest" namespace="global">
        <metrics complexity="4" methods="4" coveredmethods="4" conditionals="0" coveredconditionals="0" statements="20" coveredstatements="20" elements="24" coveredelements="24"/>
      </class>
      <line num="25" type="method" name="commonRules" visibility="public" complexity="1" crap="1" count="1"/>
      <line num="27" type="stmt" count="1"/>
      <line num="34" type="method" name="saveRules" visibility="public" complexity="1" crap="1" count="1"/>
      <line num="36" type="stmt" count="1"/>
      <line num="38" type="stmt" count="1"/>
      <line num="39" type="stmt" count="1"/>
      <line num="40" type="stmt" count="1"/>
      <line num="41" type="stmt" count="1"/>
      <line num="42" type="stmt" count="1"/>
      <line num="49" type="method" name="updateRules" visibility="public" complexity="1" crap="1" count="1"/>
      <line num="51" type="stmt" count="1"/>
      <line num="53" type="stmt" count="1"/>
      <line num="54" type="stmt" count="1"/>
      <line num="55" type="stmt" count="1"/>
      <line num="56" type="stmt" count="1"/>
      <line num="57" type="stmt" count="1"/>
      <line num="64" type="method" name="attributes" visibility="public" complexity="1" crap="1" count="1"/>
      <line num="66" type="stmt" count="1"/>
      <line num="67" type="stmt" count="1"/>
      <line num="68" type="stmt" count="1"/>
      <line num="69" type="stmt" count="1"/>
      <line num="70" type="stmt" count="1"/>
      <line num="71" type="stmt" count="1"/>
      <line num="72" type="stmt" count="1"/>
      <metrics loc="75" ncloc="47" classes="1" methods="4" coveredmethods="4" conditionals="0" coveredconditionals="0" statements="20" coveredstatements="20" elements="24" coveredelements="24"/>
    </file>
    <file name="/opt/www/app/Setting/Service/ModuleService.php">
      <class name="App\Setting\Service\ModuleService" namespace="global">
        <metrics complexity="22" methods="11" coveredmethods="0" conditionals="0" coveredconditionals="0" statements="68" coveredstatements="0" elements="79" coveredelements="0"/>
      </class>
      <line num="39" type="method" name="__construct" visibility="public" complexity="1" crap="2" count="0"/>
      <line num="41" type="stmt" count="0"/>
      <line num="42" type="stmt" count="0"/>
      <line num="48" type="method" name="getPageList" visibility="public" complexity="1" crap="2" count="0"/>
      <line num="50" type="stmt" count="0"/>
      <line num="58" type="method" name="createModule" visibility="public" complexity="1" crap="2" count="0"/>
      <line num="61" type="stmt" count="0"/>
      <line num="62" type="stmt" count="0"/>
      <line num="63" type="stmt" count="0"/>
      <line num="64" type="stmt" count="0"/>
      <line num="72" type="method" name="installModuleData" visibility="public" complexity="2" crap="6" count="0"/>
      <line num="75" type="stmt" count="0"/>
      <line num="76" type="stmt" count="0"/>
      <line num="77" type="stmt" count="0"/>
      <line num="78" type="stmt" count="0"/>
      <line num="79" type="stmt" count="0"/>
      <line num="80" type="stmt" count="0"/>
      <line num="81" type="stmt" count="0"/>
      <line num="82" type="stmt" count="0"/>
      <line num="83" type="stmt" count="0"/>
      <line num="84" type="stmt" count="0"/>
      <line num="85" type="stmt" count="0"/>
      <line num="95" type="method" name="uninstallModule" visibility="public" complexity="3" crap="12" count="0"/>
      <line num="98" type="stmt" count="0"/>
      <line num="99" type="stmt" count="0"/>
      <line num="100" type="stmt" count="0"/>
      <line num="101" type="stmt" count="0"/>
      <line num="102" type="stmt" count="0"/>
      <line num="103" type="stmt" count="0"/>
      <line num="104" type="stmt" count="0"/>
      <line num="105" type="stmt" count="0"/>
      <line num="106" type="stmt" count="0"/>
      <line num="107" type="stmt" count="0"/>
      <line num="114" type="method" name="deleteModule" visibility="public" complexity="1" crap="2" count="0"/>
      <line num="117" type="stmt" count="0"/>
      <line num="118" type="stmt" count="0"/>
      <line num="119" type="stmt" count="0"/>
[...]
      <line num="53" type="stmt" count="0"/>
      <line num="54" type="stmt" count="0"/>
      <line num="55" type="stmt" count="0"/>
      <line num="56" type="stmt" count="0"/>
      <line num="58" type="stmt" count="0"/>
      <line num="59" type="stmt" count="0"/>
      <line num="60" type="stmt" count="0"/>
      <line num="61" type="stmt" count="0"/>
      <line num="63" type="stmt" count="0"/>
      <line num="64" type="stmt" count="0"/>
      <line num="65" type="stmt" count="0"/>
      <line num="66" type="stmt" count="0"/>
      <line num="68" type="stmt" count="0"/>
      <line num="69" type="stmt" count="0"/>
      <metrics loc="71" ncloc="50" classes="1" methods="2" coveredmethods="1" conditionals="0" coveredconditionals="0" statements="20" coveredstatements="2" elements="22" coveredelements="3"/>
    </file>
    <file name="/opt/www/runtime/container/proxy/App_System_Service_SystemOperLogService.proxy.php">
      <class name="App\System\Service\SystemOperLogService" namespace="global">
        <metrics complexity="1" methods="1" coveredmethods="1" conditionals="0" coveredconditionals="0" statements="2" coveredstatements="2" elements="3" coveredelements="3"/>
      </class>
      <line num="24" type="method" name="__construct" visibility="public" complexity="1" crap="1" count="1"/>
      <line num="26" type="stmt" count="1"/>
      <line num="27" type="stmt" count="1"/>
      <metrics loc="29" ncloc="21" classes="1" methods="1" coveredmethods="1" conditionals="0" coveredconditionals="0" statements="2" coveredstatements="2" elements="3" coveredelements="3"/>
    </file>
    <file name="/opt/www/runtime/container/proxy/App_System_Service_SystemPostService.proxy.php">
      <class name="App\System\Service\SystemPostService" namespace="global">
        <metrics complexity="1" methods="1" coveredmethods="1" conditionals="0" coveredconditionals="0" statements="2" coveredstatements="2" elements="3" coveredelements="3"/>
      </class>
      <line num="24" type="method" name="__construct" visibility="public" complexity="1" crap="1" count="1"/>
      <line num="26" type="stmt" count="1"/>
      <line num="27" type="stmt" count="1"/>
      <metrics loc="29" ncloc="18" classes="1" methods="1" coveredmethods="1" conditionals="0" coveredconditionals="0" statements="2" coveredstatements="2" elements="3" coveredelements="3"/>
    </file>
    <file name="/opt/www/runtime/container/proxy/App_System_Service_SystemQueueLogService.proxy.php">
      <class name="App\System\Service\SystemQueueLogService" namespace="global">
        <metrics complexity="12" methods="4" coveredmethods="0" conditionals="0" coveredconditionals="0" statements="22" coveredstatements="0" elements="26" coveredelements="0"/>
      </class>
      <line num="48" type="method" name="__construct" visibility="public" complexity="1" crap="2" count="0"/>
      <line num="50" type="stmt" count="0"/>
      <line num="51" type="stmt" count="0"/>
      <line num="56" type="method" name="updateProduceStatus" visibility="public" complexity="1" crap="2" count="0"/>
      <line num="59" type="stmt" count="0"/>
      <line num="67" type="method" name="addQueue" visibility="public" complexity="2" crap="6" count="0"/>
      <line num="69" type="stmt" count="0"/>
      <line num="70" type="stmt" count="0"/>
      <line num="71" type="stmt" count="0"/>
      <line num="72" type="stmt" count="0"/>
      <line num="74" type="stmt" count="0"/>
      <line num="82" type="method" name="pushMessage" visibility="public" complexity="8" crap="72" count="0"/>
      <line num="84" type="stmt" count="0"/>
      <line num="85" type="stmt" count="0"/>
      <line num="86" type="stmt" count="0"/>
      <line num="87" type="stmt" count="0"/>
      <line num="89" type="stmt" count="0"/>
      <line num="90" type="stmt" count="0"/>
      <line num="92" type="stmt" count="0"/>
      <line num="93" type="stmt" count="0"/>
      <line num="95" type="stmt" count="0"/>
      <line num="96" type="stmt" count="0"/>
      <line num="98" type="stmt" count="0"/>
      <line num="99" type="stmt" count="0"/>
      <line num="101" type="stmt" count="0"/>
      <line num="102" type="stmt" count="0"/>
      <metrics loc="104" ncloc="71" classes="1" methods="4" coveredmethods="0" conditionals="0" coveredconditionals="0" statements="22" coveredstatements="0" elements="26" coveredelements="0"/>
    </file>
    <file name="/opt/www/runtime/container/proxy/App_System_Service_SystemQueueMessageService.proxy.php">
      <class name="App\System\Service\SystemQueueMessageService" namespace="global">
        <metrics complexity="7" methods="7" coveredmethods="0" conditionals="0" coveredconditionals="0" statements="18" coveredstatements="0" elements="25" coveredelements="0"/>
      </class>
      <line num="34" type="method" name="__construct" visibility="public" complexity="1" crap="2" count="0"/>
      <line num="36" type="stmt" count="0"/>
      <line num="37" type="stmt" count="0"/>
      <line num="42" type="method" name="getUnreadMessage" visibility="public" complexity="1" crap="2" count="0"/>
      <line num="44" type="stmt" count="0"/>
      <line num="45" type="stmt" count="0"/>
      <line num="50" type="method" name="getReceiveMessage" visibility="public" complexity="1" crap="2" count="0"/>
      <line num="52" type="stmt" count="0"/>
      <line num="53" type="stmt" count="0"/>
      <line num="54" type="stmt" count="0"/>
      <line num="59" type="method" name="getSendMessage" visibility="public" complexity="1" crap="2" count="0"/>
      <line num="61" type="stmt" count="0"/>
      <line num="62" type="stmt" count="0"/>
      <line num="63" type="stmt" count="0"/>
      <line num="71" type="method" name="sendPrivateMessage" visibility="public" complexity="1" crap="2" count="0"/>
      <line num="73" type="stmt" count="0"/>
      <line num="74" type="stmt" count="0"/>
      <line num="75" type="stmt" count="0"/>
      <line num="77" type="stmt" count="0"/>
      <line num="78" type="stmt" count="0"/>
      <line num="79" type="stmt" count="0"/>
      <line num="84" type="method" name="getReceiveUserList" visibility="public" complexity="1" crap="2" count="0"/>
      <line num="86" type="stmt" count="0"/>
      <line num="91" type="method" name="updateDataStatus" visibility="public" complexity="1" crap="2" count="0"/>
      <line num="93" type="stmt" count="0"/>
      <metrics loc="95" ncloc="59" classes="1" methods="7" coveredmethods="0" conditionals="0" coveredconditionals="0" statements="18" coveredstatements="0" elements="25" coveredelements="0"/>
    </file>
    <file name="/opt/www/runtime/container/proxy/App_System_Service_SystemRoleService.proxy.php">
      <class name="App\System\Service\SystemRoleService" namespace="global">
        <metrics complexity="9" methods="7" coveredmethods="2" conditionals="0" coveredconditionals="0" statements="14" coveredstatements="4" elements="21" coveredelements="6"/>
      </class>
      <line num="27" type="method" name="__construct" visibility="public" complexity="1" crap="1" count="1"/>
      <line num="29" type="stmt" count="1"/>
      <line num="30" type="stmt" count="1"/>
      <line num="35" type="method" name="getList" visibility="public" complexity="1" crap="1" count="1"/>
      <line num="37" type="stmt" count="1"/>
      <line num="38" type="stmt" count="1"/>
      <line num="40" type="method" name="save" visibility="public" complexity="2" crap="6" count="0"/>
      <line num="42" type="stmt" count="0"/>
      <line num="43" type="stmt" count="0"/>
      <line num="45" type="stmt" count="0"/>
      <line num="50" type="method" name="getMenuByRole" visibility="public" complexity="1" crap="2" count="0"/>
      <line num="52" type="stmt" count="0"/>
      <line num="59" type="method" name="findNameByCode" visibility="public" complexity="2" crap="6" count="0"/>
      <line num="61" type="stmt" count="0"/>
      <line num="62" type="stmt" count="0"/>
      <line num="64" type="stmt" count="0"/>
      <line num="65" type="stmt" count="0"/>
      <line num="70" type="method" name="getDeptByRole" visibility="public" complexity="1" crap="2" count="0"/>
      <line num="72" type="stmt" count="0"/>
      <line num="77" type="method" name="update" visibility="public" complexity="1" crap="2" count="0"/>
      <line num="79" type="stmt" count="0"/>
      <metrics loc="81" ncloc="56" classes="1" methods="7" coveredmethods="2" conditionals="0" coveredconditionals="0" statements="14" coveredstatements="4" elements="21" coveredelements="6"/>
    </file>
    <file name="/opt/www/runtime/container/proxy/App_System_Service_SystemUploadFileService.proxy.php">
      <class name="App\System\Service\SystemUploadFileService" namespace="global">
        <metrics complexity="19" methods="8" coveredmethods="1" conditionals="0" coveredconditionals="0" statements="37" coveredstatements="3" elements="45" coveredelements="4"/>
      </class>
      <line num="43" type="method" name="__construct" visibility="public" complexity="1" crap="1" count="1"/>
      <line num="45" type="stmt" count="1"/>
      <line num="46" type="stmt" count="1"/>
      <line num="47" type="stmt" count="1"/>
      <line num="54" type="method" name="upload" visibility="public" complexity="4" crap="20" count="0"/>
      <line num="57" type="stmt" count="0"/>
      <line num="58" type="stmt" count="0"/>
      <line num="59" type="stmt" count="0"/>
      <line num="61" type="stmt" count="0"/>
      <line num="62" type="stmt" count="0"/>
      <line num="64" type="stmt" count="0"/>
      <line num="65" type="stmt" count="0"/>
      <line num="66" type="stmt" count="0"/>
      <line num="68" type="stmt" count="0"/>
      <line num="70" type="method" name="chunkUpload" visibility="public" complexity="3" crap="12" count="0"/>
      <line num="72" type="stmt" count="0"/>
      <line num="73" type="stmt" count="0"/>
      <line num="75" type="stmt" count="0"/>
      <line num="76" type="stmt" count="0"/>
      <line num="77" type="stmt" count="0"/>
      <line num="79" type="stmt" count="0"/>
      <line num="84" type="method" name="getAllFile" visibility="public" complexity="1" crap="2" count="0"/>
      <line num="86" type="stmt" count="0"/>
      <line num="94" type="method" name="saveNetworkImage" visibility="public" complexity="3" crap="12" count="0"/>
      <line num="96" type="stmt" count="0"/>
      <line num="97" type="stmt" count="0"/>
      <line num="98" type="stmt" count="0"/>
      <line num="100" type="stmt" count="0"/>
      <line num="105" type="method" name="readByHash" visibility="public" complexity="1" crap="2" count="0"/>
      <line num="107" type="stmt" count="0"/>
      <line num="114" type="method" name="responseFile" visibility="public" complexity="3" crap="12" count="0"/>
      <line num="116" type="stmt" count="0"/>
      <line num="117" type="stmt" count="0"/>
      <line num="118" type="stmt" count="0"/>
      <line num="120" type="stmt" count="0"/>
      <line num="125" type="method" name="handleArraySearch" visibility="protected" complexity="3" crap="12" count="0"/>
      <line num="127" type="stmt" count="0"/>
      <line num="128" type="stmt" count="0"/>
      <line num="129" type="stmt" count="0"/>
      <line num="130" type="stmt" count="0"/>
      <line num="132" type="stmt" count="0"/>
      <line num="133" type="stmt" count="0"/>
      <line num="134" type="stmt" count="0"/>
      <line num="135" type="stmt" count="0"/>
      <line num="137" type="stmt" count="0"/>
      <metrics loc="139" ncloc="99" classes="1" methods="8" coveredmethods="1" conditionals="0" coveredconditionals="0" statements="37" coveredstatements="3" elements="45" coveredelements="4"/>
    </file>
    <file name="/opt/www/runtime/container/proxy/App_System_Service_SystemUserService.proxy.php">
      <class name="App\System\Service\SystemUserService" namespace="global">
        <metrics complexity="47" methods="18" coveredmethods="2" conditionals="0" coveredconditionals="0" statements="118" coveredstatements="28" elements="136" coveredelements="30"/>
      </class>
      <line num="52" type="method" name="__construct" visibility="public" complexity="1" crap="1" count="2"/>
      <line num="54" type="stmt" count="2"/>
      <line num="55" type="stmt" count="2"/>
      <line num="56" type="stmt" count="2"/>
      <line num="57" type="stmt" count="2"/>
      <line num="58" type="stmt" count="2"/>
      <line num="65" type="method" name="getInfo" visibility="public" complexity="2" crap="2.15" count="1"/>
      <line num="67" type="stmt" count="1"/>
      <line num="68" type="stmt" count="1"/>
      <line num="70" type="stmt" count="0"/>
      <line num="77" type="method" name="save" visibility="public" complexity="2" crap="6" count="0"/>
      <line num="79" type="stmt" count="0"/>
      <line num="80" type="stmt" count="0"/>
      <line num="82" type="stmt" count="0"/>
      <line num="83" type="stmt" count="0"/>
      <line num="84" type="stmt" count="0"/>
      <line num="85" type="stmt" count="0"/>
      <line num="90" type="method" name="update" visibility="public" complexity="3" crap="12" count="0"/>
      <line num="93" type="stmt" count="0"/>
      <line num="94" type="stmt" count="0"/>
      <line num="95" type="stmt" count="0"/>
      <line num="96" type="stmt" count="0"/>
      <line num="97" type="stmt" count="0"/>
      <line num="99" type="stmt" count="0"/>
      <line num="100" type="stmt" count="0"/>
      <line num="102" type="stmt" count="0"/>
      <line num="103" type="stmt" count="0"/>
      <line num="111" type="method" name="getOnlineUserPageList" visibility="public" complexity="7" crap="56" count="0"/>
      <line num="113" type="stmt" count="0"/>
      <line num="114" type="stmt" count="0"/>
      <line num="115" type="stmt" count="0"/>
      <line num="116" type="stmt" count="0"/>
      <line num="117" type="stmt" count="0"/>
      <line num="118" type="stmt" count="0"/>
      <line num="119" type="stmt" count="0"/>
      <line num="120" type="stmt" count="0"/>
      <line num="122" type="stmt" count="0"/>
      <line num="123" type="stmt" count="0"/>
      <line num="126" type="stmt" count="0"/>
      <line num="128" type="stmt" count="0"/>
      <line num="129" type="stmt" count="0"/>
      <line num="131" type="stmt" count="0"/>
      <line num="138" type="method" name="delete" visibility="public" complexity="3" crap="12" count="0"/>
      <line num="140" type="stmt" count="0"/>
      <line num="141" type="stmt" count="0"/>
      <line num="142" type="stmt" count="0"/>
      <line num="144" type="stmt" count="0"/>
      <line num="145" type="stmt" count="0"/>
      <line num="146" type="stmt" count="0"/>
      <line num="148" type="stmt" count="0"/>
      <line num="155" type="method" name="realDelete" visibility="public" complexity="3" crap="12" count="0"/>
      <line num="157" type="stmt" count="0"/>
      <line num="158" type="stmt" count="0"/>
      <line num="159" type="stmt" count="0"/>
      <line num="161" type="stmt" count="0"/>
      <line num="162" type="stmt" count="0"/>
      <line num="163" type="stmt" count="0"/>
      <line num="165" type="stmt" count="0"/>
      <line num="174" type="method" name="kickUser" visibility="public" complexity="1" crap="2" count="0"/>
      <line num="176" type="stmt" count="0"/>
      <line num="177" type="stmt" count="0"/>
      <line num="178" type="stmt" count="0"/>
      <line num="179" type="stmt" count="0"/>
      <line num="180" type="stmt" count="0"/>
      <line num="185" type="method" name="initUserPassword" visibility="public" complexity="1" crap="2" count="0"/>
      <line num="187" type="stmt" count="0"/>
      <line num="195" type="method" name="clearCache" visibility="public" complexity="3" crap="3.01" count="1"/>
      <line num="197" type="stmt" count="1"/>
      <line num="198" type="stmt" count="1"/>
      <line num="199" type="stmt" count="1"/>
      <line num="200" type="stmt" count="1"/>
      <line num="201" type="stmt" count="1"/>
      <line num="203" type="stmt" count="1"/>
      <line num="204" type="stmt" count="0"/>
      <line num="206" type="stmt" count="1"/>
      <line num="207" type="stmt" count="1"/>
      <line num="215" type="method" name="setHomePage" visibility="public" complexity="1" crap="2" count="0"/>
      <line num="217" type="stmt" count="0"/>
      <line num="218" type="stmt" count="0"/>
      <line num="219" type="stmt" count="0"/>
      <line num="227" type="method" name="updateInfo" visibility="public" complexity="3" crap="12" count="0"/>
      <line num="229" type="stmt" count="0"/>
      <line num="230" type="stmt" count="0"/>
      <line num="232" type="stmt" count="0"/>
      <line num="233" type="stmt" count="0"/>
      <line num="234" type="stmt" count="0"/>
      <line num="235" type="stmt" count="0"/>
      <line num="237" type="stmt" count="0"/>
      <line num="238" type="stmt" count="0"/>
      <line num="243" type="method" name="modifyPassword" visibility="public" complexity="1" crap="2" count="0"/>
      <line num="245" type="stmt" count="0"/>
      <line num="250" type="method" name="getUserInfoByIds" visibility="public" complexity="1" crap="1" count="1"/>
      <line num="252" type="stmt" count="1"/>
      <line num="257" type="method" name="getCacheInfo" visibility="protected" complexity="2" crap="2.10" count="1"/>
      <line num="260" type="stmt" count="1"/>
      <line num="261" type="stmt" count="1"/>
      <line num="262" type="stmt" count="1"/>
      <line num="263" type="stmt" count="1"/>
      <line num="264" type="stmt" count="1"/>
      <line num="265" type="stmt" count="1"/>
      <line num="266" type="stmt" count="1"/>
      <line num="267" type="stmt" count="1"/>
      <line num="268" type="stmt" count="1"/>
      <line num="269" type="stmt" count="1"/>
      <line num="271" type="stmt" count="0"/>
      <line num="272" type="stmt" count="0"/>
      <line num="273" type="stmt" count="0"/>
      <line num="274" type="stmt" count="0"/>
      <line num="275" type="stmt" count="0"/>
      <line num="277" type="stmt" count="1"/>
      <line num="278" type="stmt" count="1"/>
      <line num="283" type="method" name="filterMenuIds" visibility="protected" complexity="3" crap="12" count="0"/>
      <line num="285" type="stmt" count="0"/>
      <line num="286" type="stmt" count="0"/>
      <line num="287" type="stmt" count="0"/>
      <line num="288" type="stmt" count="0"/>
      <line num="291" type="stmt" count="0"/>
      <line num="292" type="stmt" count="0"/>
      <line num="298" type="method" name="handleData" visibility="protected" complexity="7" crap="56" count="0"/>
      <line num="300" type="stmt" count="0"/>
      <line num="301" type="stmt" count="0"/>
      <line num="303" type="stmt" count="0"/>
      <line num="304" type="stmt" count="0"/>
      <line num="306" type="stmt" count="0"/>
      <line num="307" type="stmt" count="0"/>
      <line num="309" type="stmt" count="0"/>
      <line num="310" type="stmt" count="0"/>
      <line num="312" type="stmt" count="0"/>
      <line num="314" type="method" name="hasTokenBlack" visibility="private" complexity="3" crap="12" count="0"/>
      <line num="316" type="stmt" count="0"/>
      <line num="317" type="stmt" count="0"/>
      <line num="318" type="stmt" count="0"/>
      <line num="319" type="stmt" count="0"/>
      <line num="320" type="stmt" count="0"/>
      <line num="321" type="stmt" count="0"/>
      <line num="324" type="stmt" count="0"/>
      <metrics loc="326" ncloc="234" classes="1" methods="18" coveredmethods="2" conditionals="0" coveredconditionals="0" statements="118" coveredstatements="28" elements="136" coveredelements="30"/>
    </file>
    <metrics files="287" loc="29128" ncloc="19819" classes="272" methods="1452" coveredmethods="110" conditionals="0" coveredconditionals="0" statements="7257" coveredstatements="544" elements="8709" coveredelements="654"/>
  </project>
</coverage>
